Blade(debug): Failed to generate scm: svn: E155007: '/data/Project/playground/Redis-playground' is not a working copy

Blade(debug): ccache found
Blade(debug): distcc found
Blade(info): loading BUILDs...
Blade(info): loading done.
Blade(info): analyzing dependency graph...
Blade(info): analyzing done.
Blade(info): generating build rules...
Blade(debug): CPP=cpp
Blade(debug): CC=gcc
Blade(debug): CXX=g++
Blade(debug): LD=g++
Blade(warning): Unsupported C/C++ flags: -Werror=format-nonliteral
Blade(info): generating done.
Blade(info): Begin to check code style for changed source code
Blade(warning): Please fixing style warnings before submitting the code!
Blade(info): building...
Blade(info): tunes the parallel jobs number(-j N) to be 8
Blade(info): building done.
Blade(warning): error loading incremental test history, will run full test
Blade(notice): 2 tests to run
Blade(info): spawn 1 worker(s) to run tests
Blade(info): blade test executor 0 starts to work
Blade(info): [0/2] Running ['/data/Project/playground/Redis-playground/build64_release/redis/zmalloc_test']
Blade(info): redis:zmalloc_test finished : SUCCESS

Blade(info): [1/2] Running ['/data/Project/playground/Redis-playground/build64_release/redis/gtest_try']
Blade(info): redis:gtest_try finished : SUCCESS

============================== Testing Summary ==============================
Blade(info): 2 tests scheduled to run by scheduler.
Blade(notice): All 2 tests passed!
Blade(info): cost time 4s
